[2025-11-12T09:35:47.661Z] ✅ PaymentSystem initialized with app_key: app_69131a1eaf50617628595504173
[2025-11-12T09:35:47.696Z] 📤 Sending payment request: {"email":"smlhagenimana@gmail.com","name":"Samuel","payment_method":"MoMo","amount":100,"price":100,"currency":"RWF","payer_phone":"0788880266","service_paid":"oliviuus_test_100","callback_url":"http://example.com/callback","reference_id":"REF-20251112093547695-5820","action":"pay","meta":{"expectedAmount":100,"createdBy":"Oliviuus-PaymentSystem"},"signature":"285a29e12ffacd1fda75327bbfb00211f3fe54e4d80981e1ad1ca504cf76e659"}
[2025-11-12T09:36:08.005Z] ❌ API Request Error: "timeout of 20000ms exceeded"
[2025-11-12T09:36:08.025Z] 📥 Raw response: {"status":"fail","message":"HTTP_ERROR","response":"timeout of 20000ms exceeded"}
[2025-11-12T09:36:08.030Z] ⚠️ Provider response did not include an amount field to verify. Returning raw response; please check provider dashboard or contact support.
[2025-11-12T09:36:15.264Z] ✅ PaymentSystem initialized with app_key: app_69131a1eaf50617628595504173
[2025-11-12T09:36:15.278Z] 📤 Sending payment request: {"email":"smlhagenimana@gmail.com","name":"Samuel","payment_method":"MoMo","amount":100,"price":100,"currency":"RWF","payer_phone":"0788880266","service_paid":"oliviuus_test_100","callback_url":"http://example.com/callback","reference_id":"REF-20251112093615276-8947","action":"pay","meta":{"expectedAmount":100,"createdBy":"Oliviuus-PaymentSystem"},"signature":"d4fd364de8de23284a66567f7c1208b0308b68a5d650f0145c6b6300ac76548d"}
[2025-11-12T09:36:35.451Z] ❌ API Request Error: "timeout of 20000ms exceeded"
[2025-11-12T09:36:35.459Z] 📥 Raw response: {"status":"fail","message":"HTTP_ERROR","response":"timeout of 20000ms exceeded"}
[2025-11-12T09:36:35.463Z] ⚠️ Provider response did not include an amount field to verify. Returning raw response; please check provider dashboard or contact support.
[2025-11-12T09:37:10.419Z] ✅ PaymentSystem initialized with app_key: app_69131a1eaf50617628595504173
[2025-11-12T09:37:10.432Z] 📤 Sending payment request: {"email":"smlhagenimana@gmail.com","name":"Samuel","payment_method":"MoMo","amount":100,"price":100,"currency":"RWF","payer_phone":"0732884888","service_paid":"oliviuus_test_100","callback_url":"http://example.com/callback","reference_id":"REF-20251112093710430-2436","action":"pay","meta":{"expectedAmount":100,"createdBy":"Oliviuus-PaymentSystem"},"signature":"f6545bd581ab2af55d2ddac20272ce13046d84abec4bbd0700a9246843df5ec2"}
[2025-11-12T09:37:30.577Z] ❌ API Request Error: "timeout of 20000ms exceeded"
[2025-11-12T09:37:30.587Z] 📥 Raw response: {"status":"fail","message":"HTTP_ERROR","response":"timeout of 20000ms exceeded"}
[2025-11-12T09:37:30.590Z] ⚠️ Provider response did not include an amount field to verify. Returning raw response; please check provider dashboard or contact support.
[2025-11-12T09:37:35.356Z] ✅ PaymentSystem initialized with app_key: app_69131a1eaf50617628595504173
[2025-11-12T09:37:35.368Z] 📤 Sending payment request: {"email":"smlhagenimana@gmail.com","name":"Samuel","payment_method":"MoMo","amount":100,"price":100,"currency":"RWF","payer_phone":"0732884888","service_paid":"oliviuus_test_100","callback_url":"http://example.com/callback","reference_id":"REF-20251112093735366-6084","action":"pay","meta":{"expectedAmount":100,"createdBy":"Oliviuus-PaymentSystem"},"signature":"87207f8540ba627208aceda2b14b84f08e5c59ef4963c9e74b8a323ef9502270"}
[2025-11-12T09:37:55.500Z] ❌ API Request Error: "timeout of 20000ms exceeded"
[2025-11-12T09:37:55.506Z] 📥 Raw response: {"status":"fail","message":"HTTP_ERROR","response":"timeout of 20000ms exceeded"}
[2025-11-12T09:37:55.510Z] ⚠️ Provider response did not include an amount field to verify. Returning raw response; please check provider dashboard or contact support.
[2025-11-12T09:39:08.511Z] ✅ PaymentSystem initialized with app_key: app_69131a1eaf50617628595504173
[2025-11-12T09:39:08.536Z] 📤 Sending payment request: {"email":"smlhagenimana@gmail.com","name":"Samuel","payment_method":"MoMo","amount":1000,"price":1000,"currency":"RWF","payer_phone":"0732884888","service_paid":"oliviuus_test_100","callback_url":"http://example.com/callback","reference_id":"REF-20251112093908531-7897","action":"pay","meta":{"expectedAmount":1000,"createdBy":"Oliviuus-PaymentSystem"},"signature":"f67bea16e670d40d97d43b6a613bd804e1a5e3437723064b2e5d6ecad1c53097"}
[2025-11-12T09:39:13.571Z] 📥 Raw response: {"status":"fail","message":"Unknown error occurred","response":{"http_status":"502","message":"Unknown error occurred"}}
[2025-11-12T09:39:13.573Z] ⚠️ Provider response did not include an amount field to verify. Returning raw response; please check provider dashboard or contact support.
[2025-11-12T09:39:59.414Z] ✅ PaymentSystem initialized with app_key: app_69131a1eaf50617628595504173
[2025-11-12T09:39:59.422Z] 📤 Sending payment request: {"email":"smlhagenimana@gmail.com","name":"Samuel","payment_method":"MoMo","amount":1000,"price":1000,"currency":"RWF","payer_phone":"0732884888","service_paid":"oliviuus_test_100","callback_url":"http://example.com/callback","reference_id":"REF-20251112093959421-8157","action":"pay","meta":{"expectedAmount":1000,"createdBy":"Oliviuus-PaymentSystem"},"signature":"155226531c009d3f8242a5bf945cd2307748e39344cfd47efdaf3bffe7907611"}
[2025-11-12T09:40:19.543Z] ❌ API Request Error: "timeout of 20000ms exceeded"
[2025-11-12T09:40:19.549Z] 📥 Raw response: {"status":"fail","message":"HTTP_ERROR","response":"timeout of 20000ms exceeded"}
[2025-11-12T09:40:19.552Z] ⚠️ Provider response did not include an amount field to verify. Returning raw response; please check provider dashboard or contact support.
